# JRE version: OpenJDK Runtime Environment (21.0.4) (build 21.0.4+-12508038-b607.1)
# Java VM: OpenJDK 64-Bit Server VM (21.0.4+-12508038-b607.1, mixed mode, tiered, compressed oops, compressed class ptrs, g1 gc, windows-amd64)
GC Precious Log:
 CardTable entry size: 512
 Card Set container configuration: InlinePtr #cards 5 size 8 Array Of Cards #cards 12 size 40 Howl #buckets 4 coarsen threshold 1843 Howl Bitmap #cards 512 size 80 coarsen threshold 460 Card regions per heap region 1 cards per card region 2048
 CPUs: 8 total, 8 available
 Memory: 8002M
 Large Page Support: Disabled
 NUMA Support: Disabled
 Compressed Oops: Enabled (32-bit)
 Heap Region Size: 1M
 Heap Min Capacity: 8M
 Heap Initial Capacity: 126M
 Heap Max Capacity: 2G
 Pre-touch: Disabled
 Parallel Workers: 8
 Concurrent Workers: 2
 Concurrent Refinement Workers: 8
 Periodic GC: Disabled
Heap:
 garbage-first heap   total 268288K, used 237624K [0x0000000080000000, 0x0000000100000000)
  region size 1024K, 81 young (82944K), 10 survivors (10240K)
 Metaspace       used 134264K, committed 136448K, reserved 1179648K
  class space    used 17391K, committed 18496K, reserved 1048576K
GC Heap History (20 events):
Event: 105.789 GC heap before
{Heap before GC invocations=63 (full 0):
 garbage-first heap   total 250880K, used 230400K [0x0000000080000000, 0x0000000100000000)
  region size 1024K, 102 young (104448K), 11 survivors (11264K)
 Metaspace       used 119293K, committed 121472K, reserved 1179648K
  class space    used 15714K, committed 16832K, reserved 1048576K
}
Event: 105.808 GC heap after
{Heap after GC invocations=64 (full 0):
 garbage-first heap   total 250880K, used 141990K [0x0000000080000000, 0x0000000100000000)
  region size 1024K, 7 young (7168K), 7 survivors (7168K)
 Metaspace       used 119293K, committed 121472K, reserved 1179648K
  class space    used 15714K, committed 16832K, reserved 1048576K
}
Event: 109.668 GC heap before
{Heap before GC invocations=64 (full 0):
 garbage-first heap   total 250880K, used 209574K [0x0000000080000000, 0x0000000100000000)
  region size 1024K, 75 young (76800K), 7 survivors (7168K)
 Metaspace       used 125551K, committed 127680K, reserved 1179648K
  class space    used 16597K, committed 17664K, reserved 1048576K
}
Event: 109.681 GC heap after
{Heap after GC invocations=65 (full 0):
 garbage-first heap   total 250880K, used 143513K [0x0000000080000000, 0x0000000100000000)
  region size 1024K, 9 young (9216K), 9 survivors (9216K)
 Metaspace       used 125551K, committed 127680K, reserved 1179648K
  class space    used 16597K, committed 17664K, reserved 1048576K
}
Event: 114.614 GC heap before
{Heap before GC invocations=66 (full 0):
 garbage-first heap   total 250880K, used 229529K [0x0000000080000000, 0x0000000100000000)
  region size 1024K, 91 young (93184K), 9 survivors (9216K)
 Metaspace       used 125817K, committed 127936K, reserved 1179648K
  class space    used 16609K, committed 17664K, reserved 1048576K
}
Event: 114.628 GC heap after
{Heap after GC invocations=67 (full 0):
 garbage-first heap   total 250880K, used 148926K [0x0000000080000000, 0x0000000100000000)
  region size 1024K, 6 young (6144K), 6 survivors (6144K)
 Metaspace       used 125817K, committed 127936K, reserved 1179648K
  class space    used 16609K, committed 17664K, reserved 1048576K
}
Event: 117.860 GC heap before
{Heap before GC invocations=67 (full 0):
 garbage-first heap   total 250880K, used 229822K [0x0000000080000000, 0x0000000100000000)
  region size 1024K, 85 young (87040K), 6 survivors (6144K)
 Metaspace       used 125822K, committed 127936K, reserved 1179648K
  class space    used 16609K, committed 17664K, reserved 1048576K
}
Event: 117.870 GC heap after
{Heap after GC invocations=68 (full 0):
 garbage-first heap   total 250880K, used 148685K [0x0000000080000000, 0x0000000100000000)
  region size 1024K, 6 young (6144K), 6 survivors (6144K)
 Metaspace       used 125822K, committed 127936K, reserved 1179648K
  class space    used 16609K, committed 17664K, reserved 1048576K
}
Event: 119.671 GC heap before
{Heap before GC invocations=68 (full 0):
 garbage-first heap   total 250880K, used 230605K [0x0000000080000000, 0x0000000100000000)
  region size 1024K, 86 young (88064K), 6 survivors (6144K)
 Metaspace       used 125840K, committed 128000K, reserved 1179648K
  class space    used 16611K, committed 17664K, reserved 1048576K
}
Event: 119.680 GC heap after
{Heap after GC invocations=69 (full 0):
 garbage-first heap   total 250880K, used 149335K [0x0000000080000000, 0x0000000100000000)
  region size 1024K, 6 young (6144K), 6 survivors (6144K)
 Metaspace       used 125840K, committed 128000K, reserved 1179648K
  class space    used 16611K, committed 17664K, reserved 1048576K
}
Event: 137.135 GC heap before
{Heap before GC invocations=70 (full 0):
 garbage-first heap   total 250880K, used 230231K [0x0000000080000000, 0x0000000100000000)
  region size 1024K, 86 young (88064K), 6 survivors (6144K)
 Metaspace       used 129814K, committed 132032K, reserved 1179648K
  class space    used 16953K, committed 18048K, reserved 1048576K
}
Event: 137.465 GC heap after
{Heap after GC invocations=71 (full 0):
 garbage-first heap   total 250880K, used 154254K [0x0000000080000000, 0x0000000100000000)
  region size 1024K, 11 young (11264K), 11 survivors (11264K)
 Metaspace       used 129814K, committed 132032K, reserved 1179648K
  class space    used 16953K, committed 18048K, reserved 1048576K
}
Event: 163.913 GC heap before
{Heap before GC invocations=71 (full 0):
 garbage-first heap   total 250880K, used 224910K [0x0000000080000000, 0x0000000100000000)
  region size 1024K, 81 young (82944K), 11 survivors (11264K)
 Metaspace       used 130036K, committed 132224K, reserved 1179648K
  class space    used 16960K, committed 18048K, reserved 1048576K
}
Event: 163.975 GC heap after
{Heap after GC invocations=72 (full 0):
 garbage-first heap   total 250880K, used 157938K [0x0000000080000000, 0x0000000100000000)
  region size 1024K, 5 young (5120K), 5 survivors (5120K)
 Metaspace       used 130036K, committed 132224K, reserved 1179648K
  class space    used 16960K, committed 18048K, reserved 1048576K
}
Event: 195.682 GC heap before
{Heap before GC invocations=72 (full 0):
 garbage-first heap   total 250880K, used 230642K [0x0000000080000000, 0x0000000100000000)
  region size 1024K, 78 young (79872K), 5 survivors (5120K)
 Metaspace       used 130247K, committed 132416K, reserved 1179648K
  class space    used 16969K, committed 18048K, reserved 1048576K
}
Event: 196.362 GC heap after
{Heap after GC invocations=73 (full 0):
 garbage-first heap   total 250880K, used 159867K [0x0000000080000000, 0x0000000100000000)
  region size 1024K, 7 young (7168K), 7 survivors (7168K)
 Metaspace       used 130247K, committed 132416K, reserved 1179648K
  class space    used 16969K, committed 18048K, reserved 1048576K
}
Event: 202.050 GC heap before
{Heap before GC invocations=74 (full 0):
 garbage-first heap   total 268288K, used 191611K [0x0000000080000000, 0x0000000100000000)
  region size 1024K, 39 young (39936K), 7 survivors (7168K)
 Metaspace       used 130646K, committed 132800K, reserved 1179648K
  class space    used 17010K, committed 18048K, reserved 1048576K
}
Event: 202.079 GC heap after
{Heap after GC invocations=75 (full 0):
 garbage-first heap   total 268288K, used 161205K [0x0000000080000000, 0x0000000100000000)
  region size 1024K, 4 young (4096K), 4 survivors (4096K)
 Metaspace       used 130646K, committed 132800K, reserved 1179648K
  class space    used 17010K, committed 18048K, reserved 1048576K
}
Event: 236.360 GC heap before
{Heap before GC invocations=75 (full 0):
 garbage-first heap   total 268288K, used 247221K [0x0000000080000000, 0x0000000100000000)
  region size 1024K, 89 young (91136K), 4 survivors (4096K)
 Metaspace       used 132223K, committed 134400K, reserved 1179648K
  class space    used 17187K, committed 18240K, reserved 1048576K
}
Event: 236.389 GC heap after
{Heap after GC invocations=76 (full 0):
 garbage-first heap   total 268288K, used 166968K [0x0000000080000000, 0x0000000100000000)
  region size 1024K, 10 young (10240K), 10 survivors (10240K)
 Metaspace       used 132223K, committed 134400K, reserved 1179648K
  class space    used 17187K, committed 18240K, reserved 1048576K
}

